==============================================================================
testCases                                                                     
==============================================================================
testCases.TC 5 :: End to End Test                                             
==============================================================================
Adding Product into cart                                                
  Traceback (most recent call last):
    ~~~~~~~~~~~~~~~~~~~~~~~~~~~~~~~~~~~~~~~~~~~~~~~~~~~~~~~~~~~~~~~~~~~~~~~~~~
    File  C:\Users\Vivek\PycharmProjects\DemoProject\testCases\TC_5.robot:15
    T:  Adding Product into cart    
    ~~~~~~~~~~~~~~~~~~~~~~~~~~~~~~~~~~~~~~~~~~~~~~~~~~~~~~~~~~~~~~~~~~~~~~~~~~
    File  C:\Users\Vivek\PycharmProjects\DemoProject\testCases\TC_5.robot:17
      Adding product    
    ~~~~~~~~~~~~~~~~~~~~~~~~~~~~~~~~~~~~~~~~~~~~~~~~~~~~~~~~~~~~~~~~~~~~~~~~~~
    File  C:\Users\Vivek\PycharmProjects\DemoProject\testCases\TC_5.robot:37
      Wait Until Element Is Visible    div.form-action
______________________________________________________________________________
| FAIL |
Element 'div.form-action' not visible after 5 seconds.
------------------------------------------------------------------------------
testCases.TC 5 :: End to End Test                                     | FAIL |
1 test, 0 passed, 1 failed
==============================================================================
testCases                                                             | FAIL |
1 test, 0 passed, 1 failed
==============================================================================
Output:  C:\Users\Vivek\PycharmProjects\DemoProject\pabot_results\4\output.xml
